##############################################################################
## Directory: \HYPER - Hypertext                                            ##
##############################################################################
AUTOMAP1.ZIP   71005 02-22-89 Cross between hypertext & neural nets?
BDEXX20.ZIP   297431 06-21-92 Bdexx v2.0 Hypertext system for DOS
COGTEXT.ZIP   134988 08-11-88 CogentText Version 0.2, a DOS based shareware
                              hypertext development system that combines a
                              prolog interpreter with hypertext.
DART1G.ZIP    224072 07-29-92 Dart v1g Hypertext desktop for DOS
DDJHPTXT.ZIP  281906 04-17-90 Hypertext tools from DDJ 6/90
EBKBIN.ZIP     46519 07-11-91 Electronic Book hypertext viewer DOS .EXEs
EBKSRC.ZIP     51113 07-11-91 Electronic Book hypertext viewer C++ source
FARVIEW.ZIP   247287 10-19-91 FarView/S, shareware version of the DOS based
                              hypertext environment from FarSight Technologies
FILEVISN.HQX  205780 12-02-94 Filevision hypergraphic database for Macintosh.
                              The original version of the commercial program
                              is now being distributed as shareware.
FLEXLIST.ZIP   79021 08-28-89 Complete hypertext toolkit with C src
HD910427.ZIP  198028 03-27-91 HyperDoc v0.01 hypertext system
HE0988.ZIP     32520 05-10-88 HE enhancements to AIEXPERT's HYPE
HELPER32.ZIP  126216 05-22-90 The Helper v3.2 creates HT help files
HHV30.ZIP     227282 06-11-91 Hyper-Helper v3.0 hypertext toolkit
HLPDK10.ZIP   145398 09-28-92 HELPC Hypertext help developers kit v1.0
HR.ZIP         92767 11-18-90 HyperRez Hypertext TSR by MaxThink
HR254.ZIP     168581 03-08-91 HyperWriter runtime package. Allow the use of
                              hypertext system developed wiht HyperWriter on
                              DOS platforms.
HS25.ZIP      296988 04-13-89 HyperShell v2.5 toolkit
HTEX07.ZIP    217521 09-21-92 HyperTex v0.07 authoring system
HYGLOS.ZIP    100742 04-28-92 HyGlos hypertext system by MaxThink
HYPE14.ZIP    142140 00-10-90 Goldpax HYPE v1.4
HYPEIT.ZIP     96462 08-09-89 Hype-It! programmers library
HYPERTXT.ZIP  147030 02-11-88 PC-Hypertext v1.1 by MaxThink
HYPLUS10.ZIP  141151 05-28-90 MaxThink Hypertext engine / ASCII+PCX graphics
HYTIES.ZIP    403523 06-01-91 Hyperties product demo
IRIS127.ZIP   247092 07-01-90 IRIS v1.27 virtual book development kit
KNOWPRO.ZIP   232891 00-22-88 KnowledgePro/TextPro hypertext environment
NLH13.ZIP     105990 00-07-92 Natural Language Hypertext v1.3
PC_BROWS.ZIP  210539 09-29-89 TSR does hypertext-like file searches
RACONT.ZIP    191251 05-26-91 RACONTEXT v3.22 hypertext indexer
SUREFI_1.ZIP  205133 10-12-91 Surefire smart document system - Demo part 1
SUREFI_2.ZIP  257349 10-12-91 Surefire smart document system - Demo part 2
TUTORWRI.ZIP  312046 09-06-90 IES Tutorial Writer 2
XANTI145.ZIP  142986 07-15-91 Card based hypertext tool for Windows 3.0
------------------------------------------------------------------------------
-- Black Magic v1.5  Hypertext development system ----------------------------
------------------------------------------------------------------------------
MAGDEMO.ZIP    84878 05-10-88 Black Magic v1.5 hypertext demos   1/5
MAGIC15.ZIP   155252 10-02-89 Black Magic v1.5 hypertext toolkit 2/5
MAGREAD.ZIP   108614 10-02-89 Black Magic v1.5 runtime module    3/5
MAGUTIL.ZIP   171690 10-02-89 Black Magic v1.5 utilities         4/5
MANUAL.ZIP    105608 04-23-89 Black Magic v1.5 Manual            5/5
------------------------------------------------------------------------------
-- Zoom v2.3 Hypertext development system ------------------------------------
------------------------------------------------------------------------------
ZOOMDOC.ZIP    27328 10-15-92 Zoom hypertext v2.3 documentation 1/3
ZOOMEXE.ZIP   156131 10-13-92 Zoom hypertext v2.3 executables   2/3
ZOOMEXM.ZIP    53559 06-11-92 Zoom hypertext v2.3 example stack 3/3
ZOOMSCH.ZIP   511653 09-05-92 Zoom stack on epidemiology of schistosomiasis
------------------------------------------------------------------------------
-- Example hypertext applications --------------------------------------------
------------------------------------------------------------------------------
EVRGLADE.ZIP   64464 00-30-90 Poetry created using Hypertext concept
HEALTH.ZIP    166638 04-09-92 Hypertext overview of the Canadian health system
HYCLASS.ZIP    60948 02-23-91 LC Classes of computer related materials
HYDOS10.ZIP    78730 04-05-91 Hypertext guide to MSDOS commands
HYPDISS.ZIP   242675 04-27-92 Disseration on Hypertext - in hypertext form
PCW_88.ZIP    128266 09-03-90 Hypertext PC-World 1988 article index
PILOT.ZIP     143390 06-11-91 Hypertext guide to legal references
REGINB.ZIP    307624 12-02-90 Reg-In-A-Box, a hypertext version of EPA
                              regulations concerning underground storage tanks
                              created with HyperWriter. Needs reader found in
                              HR254.ZIP to run.
SKULL.ZIP     204801 09-06-88 Visual hypertext database of human skull
